{"message":"Server started in development.","level":"info","timestamp":"2020-02-24 14:29:02"}
{"message":"Listening on port 3000...","level":"info","timestamp":"2020-02-24 14:29:02"}
{"message":"Connected to mongoDB.","level":"info","timestamp":"2020-02-24 14:29:02"}
{"error":{},"level":"error","message":"uncaughtException: require(...) is not a function\nTypeError: require(...) is not a function\n    at Object.<anonymous> (C:\\Users\\Xenomorph\\Desktop\\web development\\rest-api-mongodb\\index.js:5:44)\n    at Module._compile (internal/modules/cjs/loader.js:776:30)\n    at Object.Module._extensions..js (internal/modules/cjs/loader.js:787:10)\n    at Module.load (internal/modules/cjs/loader.js:653:32)\n    at tryModuleLoad (internal/modules/cjs/loader.js:593:12)\n    at Function.Module._load (internal/modules/cjs/loader.js:585:3)\n    at Function.Module.runMain (internal/modules/cjs/loader.js:829:12)\n    at startup (internal/bootstrap/node.js:283:19)\n    at bootstrapNodeJSCore (internal/bootstrap/node.js:622:3)","stack":"TypeError: require(...) is not a function\n    at Object.<anonymous> (C:\\Users\\Xenomorph\\Desktop\\web development\\rest-api-mongodb\\index.js:5:44)\n    at Module._compile (internal/modules/cjs/loader.js:776:30)\n    at Object.Module._extensions..js (internal/modules/cjs/loader.js:787:10)\n    at Module.load (internal/modules/cjs/loader.js:653:32)\n    at tryModuleLoad (internal/modules/cjs/loader.js:593:12)\n    at Function.Module._load (internal/modules/cjs/loader.js:585:3)\n    at Function.Module.runMain (internal/modules/cjs/loader.js:829:12)\n    at startup (internal/bootstrap/node.js:283:19)\n    at bootstrapNodeJSCore (internal/bootstrap/node.js:622:3)","exception":true,"date":"Mon Feb 24 2020 20:57:12 GMT+0900 (Japan Standard Time)","process":{"pid":13684,"uid":null,"gid":null,"cwd":"C:\\Users\\Xenomorph\\Desktop\\web development\\rest-api-mongodb","execPath":"C:\\Program Files\\nodejs\\node.exe","version":"v10.16.0","argv":["C:\\Program Files\\nodejs\\node.exe","C:\\Users\\Xenomorph\\Desktop\\web development\\rest-api-mongodb\\index.js"],"memoryUsage":{"rss":47849472,"heapTotal":35897344,"heapUsed":14941344,"external":18270811}},"os":{"loadavg":[0,0,0],"uptime":351669},"trace":[{"column":44,"file":"C:\\Users\\Xenomorph\\Desktop\\web development\\rest-api-mongodb\\index.js","function":null,"line":5,"method":null,"native":false},{"column":30,"file":"internal/modules/cjs/loader.js","function":"Module._compile","line":776,"method":"_compile","native":false},{"column":10,"file":"internal/modules/cjs/loader.js","function":"Module._extensions..js","line":787,"method":".js","native":false},{"column":32,"file":"internal/modules/cjs/loader.js","function":"Module.load","line":653,"method":"load","native":false},{"column":12,"file":"internal/modules/cjs/loader.js","function":"tryModuleLoad","line":593,"method":null,"native":false},{"column":3,"file":"internal/modules/cjs/loader.js","function":"Module._load","line":585,"method":"_load","native":false},{"column":12,"file":"internal/modules/cjs/loader.js","function":"Module.runMain","line":829,"method":"runMain","native":false},{"column":19,"file":"internal/bootstrap/node.js","function":"startup","line":283,"method":null,"native":false},{"column":3,"file":"internal/bootstrap/node.js","function":"bootstrapNodeJSCore","line":622,"method":null,"native":false}],"timestamp":"2020-02-24 20:57:12"}
{"error":{},"level":"error","message":"uncaughtException: FATAL ERROR: jwtPrivateKey is not defined in the ENV variables.\nError: FATAL ERROR: jwtPrivateKey is not defined in the ENV variables.\n    at module.exports (C:\\Users\\Xenomorph\\Desktop\\web development\\rest-api-mongodb\\startup\\config.js:8:11)\n    at Object.<anonymous> (C:\\Users\\Xenomorph\\Desktop\\web development\\rest-api-mongodb\\index.js:8:28)\n    at Module._compile (internal/modules/cjs/loader.js:776:30)\n    at Object.Module._extensions..js (internal/modules/cjs/loader.js:787:10)\n    at Module.load (internal/modules/cjs/loader.js:653:32)\n    at tryModuleLoad (internal/modules/cjs/loader.js:593:12)\n    at Function.Module._load (internal/modules/cjs/loader.js:585:3)\n    at Function.Module.runMain (internal/modules/cjs/loader.js:829:12)\n    at startup (internal/bootstrap/node.js:283:19)\n    at bootstrapNodeJSCore (internal/bootstrap/node.js:622:3)","stack":"Error: FATAL ERROR: jwtPrivateKey is not defined in the ENV variables.\n    at module.exports (C:\\Users\\Xenomorph\\Desktop\\web development\\rest-api-mongodb\\startup\\config.js:8:11)\n    at Object.<anonymous> (C:\\Users\\Xenomorph\\Desktop\\web development\\rest-api-mongodb\\index.js:8:28)\n    at Module._compile (internal/modules/cjs/loader.js:776:30)\n    at Object.Module._extensions..js (internal/modules/cjs/loader.js:787:10)\n    at Module.load (internal/modules/cjs/loader.js:653:32)\n    at tryModuleLoad (internal/modules/cjs/loader.js:593:12)\n    at Function.Module._load (internal/modules/cjs/loader.js:585:3)\n    at Function.Module.runMain (internal/modules/cjs/loader.js:829:12)\n    at startup (internal/bootstrap/node.js:283:19)\n    at bootstrapNodeJSCore (internal/bootstrap/node.js:622:3)","exception":true,"date":"Mon Feb 24 2020 20:57:22 GMT+0900 (Japan Standard Time)","process":{"pid":3180,"uid":null,"gid":null,"cwd":"C:\\Users\\Xenomorph\\Desktop\\web development\\rest-api-mongodb","execPath":"C:\\Program Files\\nodejs\\node.exe","version":"v10.16.0","argv":["C:\\Program Files\\nodejs\\node.exe","C:\\Users\\Xenomorph\\Desktop\\web development\\rest-api-mongodb\\index.js"],"memoryUsage":{"rss":67567616,"heapTotal":59547648,"heapUsed":34643360,"external":19525343}},"os":{"loadavg":[0,0,0],"uptime":351680},"trace":[{"column":11,"file":"C:\\Users\\Xenomorph\\Desktop\\web development\\rest-api-mongodb\\startup\\config.js","function":"module.exports","line":8,"method":"exports","native":false},{"column":28,"file":"C:\\Users\\Xenomorph\\Desktop\\web development\\rest-api-mongodb\\index.js","function":null,"line":8,"method":null,"native":false},{"column":30,"file":"internal/modules/cjs/loader.js","function":"Module._compile","line":776,"method":"_compile","native":false},{"column":10,"file":"internal/modules/cjs/loader.js","function":"Module._extensions..js","line":787,"method":".js","native":false},{"column":32,"file":"internal/modules/cjs/loader.js","function":"Module.load","line":653,"method":"load","native":false},{"column":12,"file":"internal/modules/cjs/loader.js","function":"tryModuleLoad","line":593,"method":null,"native":false},{"column":3,"file":"internal/modules/cjs/loader.js","function":"Module._load","line":585,"method":"_load","native":false},{"column":12,"file":"internal/modules/cjs/loader.js","function":"Module.runMain","line":829,"method":"runMain","native":false},{"column":19,"file":"internal/bootstrap/node.js","function":"startup","line":283,"method":null,"native":false},{"column":3,"file":"internal/bootstrap/node.js","function":"bootstrapNodeJSCore","line":622,"method":null,"native":false}],"timestamp":"2020-02-24 20:57:22"}
{"message":"Connected to mongoDB.","level":"info","timestamp":"2020-02-24 20:57:22"}
{"message":"Server started in development.","level":"info","timestamp":"2020-02-24 20:57:47"}
{"message":"Listening on port 3000...","level":"info","timestamp":"2020-02-24 20:57:47"}
{"message":"Connected to mongoDB.","level":"info","timestamp":"2020-02-24 20:57:47"}
{"message":"Server started in development.","level":"info","timestamp":"2020-02-24 20:57:57"}
{"message":"Listening on port 3000...","level":"info","timestamp":"2020-02-24 20:57:57"}
{"message":"Connected to mongoDB.","level":"info","timestamp":"2020-02-24 20:57:57"}
{"message":"Server started in development.","level":"info","timestamp":"2020-02-24 21:01:20"}
{"message":"Listening on port 3000...","level":"info","timestamp":"2020-02-24 21:01:20"}
{"message":"Connected to mongoDB.","level":"info","timestamp":"2020-02-24 21:01:20"}
{"error":{},"level":"error","message":"uncaughtException: Configuration property \"db\" is not defined\nError: Configuration property \"db\" is not defined\n    at Config.get (C:\\Users\\Xenomorph\\Desktop\\web development\\rest-api-mongodb\\node_modules\\config\\lib\\config.js:182:11)\n    at module.exports (C:\\Users\\Xenomorph\\Desktop\\web development\\rest-api-mongodb\\startup\\database.js:6:21)\n    at Object.<anonymous> (C:\\Users\\Xenomorph\\Desktop\\web development\\rest-api-mongodb\\index.js:7:30)\n    at Module._compile (internal/modules/cjs/loader.js:776:30)\n    at Object.Module._extensions..js (internal/modules/cjs/loader.js:787:10)\n    at Module.load (internal/modules/cjs/loader.js:653:32)\n    at tryModuleLoad (internal/modules/cjs/loader.js:593:12)\n    at Function.Module._load (internal/modules/cjs/loader.js:585:3)\n    at Function.Module.runMain (internal/modules/cjs/loader.js:829:12)\n    at startup (internal/bootstrap/node.js:283:19)\n    at bootstrapNodeJSCore (internal/bootstrap/node.js:622:3)","stack":"Error: Configuration property \"db\" is not defined\n    at Config.get (C:\\Users\\Xenomorph\\Desktop\\web development\\rest-api-mongodb\\node_modules\\config\\lib\\config.js:182:11)\n    at module.exports (C:\\Users\\Xenomorph\\Desktop\\web development\\rest-api-mongodb\\startup\\database.js:6:21)\n    at Object.<anonymous> (C:\\Users\\Xenomorph\\Desktop\\web development\\rest-api-mongodb\\index.js:7:30)\n    at Module._compile (internal/modules/cjs/loader.js:776:30)\n    at Object.Module._extensions..js (internal/modules/cjs/loader.js:787:10)\n    at Module.load (internal/modules/cjs/loader.js:653:32)\n    at tryModuleLoad (internal/modules/cjs/loader.js:593:12)\n    at Function.Module._load (internal/modules/cjs/loader.js:585:3)\n    at Function.Module.runMain (internal/modules/cjs/loader.js:829:12)\n    at startup (internal/bootstrap/node.js:283:19)\n    at bootstrapNodeJSCore (internal/bootstrap/node.js:622:3)","exception":true,"date":"Mon Feb 24 2020 21:02:47 GMT+0900 (Japan Standard Time)","process":{"pid":16520,"uid":null,"gid":null,"cwd":"C:\\Users\\Xenomorph\\Desktop\\web development\\rest-api-mongodb","execPath":"C:\\Program Files\\nodejs\\node.exe","version":"v10.16.0","argv":["C:\\Program Files\\nodejs\\node.exe","C:\\Users\\Xenomorph\\Desktop\\web development\\rest-api-mongodb\\index.js"],"memoryUsage":{"rss":67252224,"heapTotal":60071936,"heapUsed":34485952,"external":19525343}},"os":{"loadavg":[0,0,0],"uptime":352005},"trace":[{"column":11,"file":"C:\\Users\\Xenomorph\\Desktop\\web development\\rest-api-mongodb\\node_modules\\config\\lib\\config.js","function":"Config.get","line":182,"method":"get","native":false},{"column":21,"file":"C:\\Users\\Xenomorph\\Desktop\\web development\\rest-api-mongodb\\startup\\database.js","function":"module.exports","line":6,"method":"exports","native":false},{"column":30,"file":"C:\\Users\\Xenomorph\\Desktop\\web development\\rest-api-mongodb\\index.js","function":null,"line":7,"method":null,"native":false},{"column":30,"file":"internal/modules/cjs/loader.js","function":"Module._compile","line":776,"method":"_compile","native":false},{"column":10,"file":"internal/modules/cjs/loader.js","function":"Module._extensions..js","line":787,"method":".js","native":false},{"column":32,"file":"internal/modules/cjs/loader.js","function":"Module.load","line":653,"method":"load","native":false},{"column":12,"file":"internal/modules/cjs/loader.js","function":"tryModuleLoad","line":593,"method":null,"native":false},{"column":3,"file":"internal/modules/cjs/loader.js","function":"Module._load","line":585,"method":"_load","native":false},{"column":12,"file":"internal/modules/cjs/loader.js","function":"Module.runMain","line":829,"method":"runMain","native":false},{"column":19,"file":"internal/bootstrap/node.js","function":"startup","line":283,"method":null,"native":false},{"column":3,"file":"internal/bootstrap/node.js","function":"bootstrapNodeJSCore","line":622,"method":null,"native":false}],"timestamp":"2020-02-24 21:02:47"}
{"error":{},"level":"error","message":"uncaughtException: Configuration property \"mongodb://localhost:27017/rest-api-mongodb\" is not defined\nError: Configuration property \"mongodb://localhost:27017/rest-api-mongodb\" is not defined\n    at Config.get (C:\\Users\\Xenomorph\\Desktop\\web development\\rest-api-mongodb\\node_modules\\config\\lib\\config.js:182:11)\n    at module.exports (C:\\Users\\Xenomorph\\Desktop\\web development\\rest-api-mongodb\\startup\\database.js:7:27)\n    at Object.<anonymous> (C:\\Users\\Xenomorph\\Desktop\\web development\\rest-api-mongodb\\index.js:7:30)\n    at Module._compile (internal/modules/cjs/loader.js:776:30)\n    at Object.Module._extensions..js (internal/modules/cjs/loader.js:787:10)\n    at Module.load (internal/modules/cjs/loader.js:653:32)\n    at tryModuleLoad (internal/modules/cjs/loader.js:593:12)\n    at Function.Module._load (internal/modules/cjs/loader.js:585:3)\n    at Function.Module.runMain (internal/modules/cjs/loader.js:829:12)\n    at startup (internal/bootstrap/node.js:283:19)\n    at bootstrapNodeJSCore (internal/bootstrap/node.js:622:3)","stack":"Error: Configuration property \"mongodb://localhost:27017/rest-api-mongodb\" is not defined\n    at Config.get (C:\\Users\\Xenomorph\\Desktop\\web development\\rest-api-mongodb\\node_modules\\config\\lib\\config.js:182:11)\n    at module.exports (C:\\Users\\Xenomorph\\Desktop\\web development\\rest-api-mongodb\\startup\\database.js:7:27)\n    at Object.<anonymous> (C:\\Users\\Xenomorph\\Desktop\\web development\\rest-api-mongodb\\index.js:7:30)\n    at Module._compile (internal/modules/cjs/loader.js:776:30)\n    at Object.Module._extensions..js (internal/modules/cjs/loader.js:787:10)\n    at Module.load (internal/modules/cjs/loader.js:653:32)\n    at tryModuleLoad (internal/modules/cjs/loader.js:593:12)\n    at Function.Module._load (internal/modules/cjs/loader.js:585:3)\n    at Function.Module.runMain (internal/modules/cjs/loader.js:829:12)\n    at startup (internal/bootstrap/node.js:283:19)\n    at bootstrapNodeJSCore (internal/bootstrap/node.js:622:3)","exception":true,"date":"Mon Feb 24 2020 21:03:06 GMT+0900 (Japan Standard Time)","process":{"pid":16656,"uid":null,"gid":null,"cwd":"C:\\Users\\Xenomorph\\Desktop\\web development\\rest-api-mongodb","execPath":"C:\\Program Files\\nodejs\\node.exe","version":"v10.16.0","argv":["C:\\Program Files\\nodejs\\node.exe","C:\\Users\\Xenomorph\\Desktop\\web development\\rest-api-mongodb\\index.js"],"memoryUsage":{"rss":66953216,"heapTotal":60071936,"heapUsed":33983008,"external":19520801}},"os":{"loadavg":[0,0,0],"uptime":352024},"trace":[{"column":11,"file":"C:\\Users\\Xenomorph\\Desktop\\web development\\rest-api-mongodb\\node_modules\\config\\lib\\config.js","function":"Config.get","line":182,"method":"get","native":false},{"column":27,"file":"C:\\Users\\Xenomorph\\Desktop\\web development\\rest-api-mongodb\\startup\\database.js","function":"module.exports","line":7,"method":"exports","native":false},{"column":30,"file":"C:\\Users\\Xenomorph\\Desktop\\web development\\rest-api-mongodb\\index.js","function":null,"line":7,"method":null,"native":false},{"column":30,"file":"internal/modules/cjs/loader.js","function":"Module._compile","line":776,"method":"_compile","native":false},{"column":10,"file":"internal/modules/cjs/loader.js","function":"Module._extensions..js","line":787,"method":".js","native":false},{"column":32,"file":"internal/modules/cjs/loader.js","function":"Module.load","line":653,"method":"load","native":false},{"column":12,"file":"internal/modules/cjs/loader.js","function":"tryModuleLoad","line":593,"method":null,"native":false},{"column":3,"file":"internal/modules/cjs/loader.js","function":"Module._load","line":585,"method":"_load","native":false},{"column":12,"file":"internal/modules/cjs/loader.js","function":"Module.runMain","line":829,"method":"runMain","native":false},{"column":19,"file":"internal/bootstrap/node.js","function":"startup","line":283,"method":null,"native":false},{"column":3,"file":"internal/bootstrap/node.js","function":"bootstrapNodeJSCore","line":622,"method":null,"native":false}],"timestamp":"2020-02-24 21:03:06"}
{"message":"Server started in development.","level":"info","timestamp":"2020-02-24 21:03:40"}
{"message":"Listening on port 3000...","level":"info","timestamp":"2020-02-24 21:03:40"}
{"message":"Connected to mongodb://localhost:27017/rest-api-mongodb","level":"info","timestamp":"2020-02-24 21:03:40"}
{"message":"Server started in development.","level":"info","timestamp":"2020-02-24 22:10:49"}
{"message":"Listening on port 3000...","level":"info","timestamp":"2020-02-24 22:10:49"}
{"message":"Connected to mongodb://localhost:27017/rest-api-mongodb","level":"info","timestamp":"2020-02-24 22:10:49"}
{"message":"Server started in development.","level":"info","timestamp":"2020-02-24 22:11:12"}
{"message":"Listening on port 3000...","level":"info","timestamp":"2020-02-24 22:11:12"}
{"message":"Connected to mongodb://localhost:27017/rest-api-mongodb","level":"info","timestamp":"2020-02-24 22:11:12"}
{"message":"Server started in test.","level":"info","timestamp":"2020-02-24 22:12:32"}
{"message":"Listening on port 3000...","level":"info","timestamp":"2020-02-24 22:12:32"}
{"message":"Connected to mongodb://localhost:27017/rest-api-mongodb_tests","level":"info","timestamp":"2020-02-24 22:12:32"}
{"message":"Server started in test.","level":"info","timestamp":"2020-02-24 22:12:45"}
{"message":"Listening on port 3000...","level":"info","timestamp":"2020-02-24 22:12:45"}
{"message":"Connected to mongodb://localhost:27017/rest-api-mongodb_tests","level":"info","timestamp":"2020-02-24 22:12:45"}
{"message":"Server started in test.","level":"info","timestamp":"2020-02-24 22:13:07"}
{"message":"Listening on port 3000...","level":"info","timestamp":"2020-02-24 22:13:07"}
{"message":"Connected to mongodb://localhost:27017/rest-api-mongodb_tests","level":"info","timestamp":"2020-02-24 22:13:07"}
{"message":"Server started in test.","level":"info","timestamp":"2020-02-25 17:17:13"}
{"message":"Listening on port 3000...","level":"info","timestamp":"2020-02-25 17:17:13"}
{"message":"Connected to mongodb://localhost:27017/rest-api-mongodb_tests","level":"info","timestamp":"2020-02-25 17:17:13"}
{"message":"Server started in test.","level":"info","timestamp":"2020-02-25 17:18:08"}
{"message":"Listening on port 3000...","level":"info","timestamp":"2020-02-25 17:18:08"}
{"message":"Connected to mongodb://localhost:27017/rest-api-mongodb_tests","level":"info","timestamp":"2020-02-25 17:18:08"}
{"message":"Server started in test.","level":"info","timestamp":"2020-02-25 17:18:23"}
{"message":"Listening on port 3000...","level":"info","timestamp":"2020-02-25 17:18:23"}
{"message":"Connected to mongodb://localhost:27017/rest-api-mongodb_tests","level":"info","timestamp":"2020-02-25 17:18:23"}
{"message":"Server started in test.","level":"info","timestamp":"2020-02-25 17:22:05"}
{"message":"Listening on port 3000...","level":"info","timestamp":"2020-02-25 17:22:05"}
{"message":"Connected to mongodb://localhost:27017/rest-api-mongodb_tests","level":"info","timestamp":"2020-02-25 17:22:05"}
{"message":"Server started in test.","level":"info","timestamp":"2020-02-25 17:22:32"}
{"message":"Listening on port 3000...","level":"info","timestamp":"2020-02-25 17:22:32"}
{"message":"Connected to mongodb://localhost:27017/rest-api-mongodb_tests","level":"info","timestamp":"2020-02-25 17:22:32"}
{"message":"Server started in test.","level":"info","timestamp":"2020-02-25 17:22:36"}
{"message":"Listening on port 3000...","level":"info","timestamp":"2020-02-25 17:22:36"}
{"message":"Connected to mongodb://localhost:27017/rest-api-mongodb_tests","level":"info","timestamp":"2020-02-25 17:22:36"}
{"message":"Server started in test.","level":"info","timestamp":"2020-02-25 17:22:59"}
{"message":"Listening on port 3000...","level":"info","timestamp":"2020-02-25 17:22:59"}
{"level":"error","message":"genresgenres","stack":"Error: genres\n    at Object.<anonymous>.router.get (C:\\Users\\Xenomorph\\Desktop\\web development\\rest-api-mongodb\\routes\\genres.js:10:9)\n    at newFn (C:\\Users\\Xenomorph\\Desktop\\web development\\rest-api-mongodb\\node_modules\\express-async-errors\\index.js:16:20)\n    at Layer.handle [as handle_request] (C:\\Users\\Xenomorph\\Desktop\\web development\\rest-api-mongodb\\node_modules\\express\\lib\\router\\layer.js:95:5)\n    at next (C:\\Users\\Xenomorph\\Desktop\\web development\\rest-api-mongodb\\node_modules\\express\\lib\\router\\route.js:137:13)\n    at Route.dispatch (C:\\Users\\Xenomorph\\Desktop\\web development\\rest-api-mongodb\\node_modules\\express\\lib\\router\\route.js:112:3)\n    at newFn (C:\\Users\\Xenomorph\\Desktop\\web development\\rest-api-mongodb\\node_modules\\express-async-errors\\index.js:16:20)\n    at Layer.handle [as handle_request] (C:\\Users\\Xenomorph\\Desktop\\web development\\rest-api-mongodb\\node_modules\\express\\lib\\router\\layer.js:95:5)\n    at C:\\Users\\Xenomorph\\Desktop\\web development\\rest-api-mongodb\\node_modules\\express\\lib\\router\\index.js:281:22\n    at Function.process_params (C:\\Users\\Xenomorph\\Desktop\\web development\\rest-api-mongodb\\node_modules\\express\\lib\\router\\index.js:335:12)\n    at next (C:\\Users\\Xenomorph\\Desktop\\web development\\rest-api-mongodb\\node_modules\\express\\lib\\router\\index.js:275:10)\n    at Function.handle (C:\\Users\\Xenomorph\\Desktop\\web development\\rest-api-mongodb\\node_modules\\express\\lib\\router\\index.js:174:3)\n    at router (C:\\Users\\Xenomorph\\Desktop\\web development\\rest-api-mongodb\\node_modules\\express\\lib\\router\\index.js:47:12)\n    at newFn (C:\\Users\\Xenomorph\\Desktop\\web development\\rest-api-mongodb\\node_modules\\express-async-errors\\index.js:16:20)\n    at Layer.handle [as handle_request] (C:\\Users\\Xenomorph\\Desktop\\web development\\rest-api-mongodb\\node_modules\\express\\lib\\router\\layer.js:95:5)\n    at trim_prefix (C:\\Users\\Xenomorph\\Desktop\\web development\\rest-api-mongodb\\node_modules\\express\\lib\\router\\index.js:317:13)\n    at C:\\Users\\Xenomorph\\Desktop\\web development\\rest-api-mongodb\\node_modules\\express\\lib\\router\\index.js:284:7\n    at Function.process_params (C:\\Users\\Xenomorph\\Desktop\\web development\\rest-api-mongodb\\node_modules\\express\\lib\\router\\index.js:335:12)\n    at next (C:\\Users\\Xenomorph\\Desktop\\web development\\rest-api-mongodb\\node_modules\\express\\lib\\router\\index.js:275:10)\n    at jsonParser (C:\\Users\\Xenomorph\\Desktop\\web development\\rest-api-mongodb\\node_modules\\body-parser\\lib\\types\\json.js:110:7)\n    at newFn (C:\\Users\\Xenomorph\\Desktop\\web development\\rest-api-mongodb\\node_modules\\express-async-errors\\index.js:16:20)\n    at Layer.handle [as handle_request] (C:\\Users\\Xenomorph\\Desktop\\web development\\rest-api-mongodb\\node_modules\\express\\lib\\router\\layer.js:95:5)\n    at trim_prefix (C:\\Users\\Xenomorph\\Desktop\\web development\\rest-api-mongodb\\node_modules\\express\\lib\\router\\index.js:317:13)\n    at C:\\Users\\Xenomorph\\Desktop\\web development\\rest-api-mongodb\\node_modules\\express\\lib\\router\\index.js:284:7\n    at Function.process_params (C:\\Users\\Xenomorph\\Desktop\\web development\\rest-api-mongodb\\node_modules\\express\\lib\\router\\index.js:335:12)\n    at next (C:\\Users\\Xenomorph\\Desktop\\web development\\rest-api-mongodb\\node_modules\\express\\lib\\router\\index.js:275:10)\n    at expressInit (C:\\Users\\Xenomorph\\Desktop\\web development\\rest-api-mongodb\\node_modules\\express\\lib\\middleware\\init.js:40:5)\n    at newFn (C:\\Users\\Xenomorph\\Desktop\\web development\\rest-api-mongodb\\node_modules\\express-async-errors\\index.js:16:20)\n    at Layer.handle [as handle_request] (C:\\Users\\Xenomorph\\Desktop\\web development\\rest-api-mongodb\\node_modules\\express\\lib\\router\\layer.js:95:5)\n    at trim_prefix (C:\\Users\\Xenomorph\\Desktop\\web development\\rest-api-mongodb\\node_modules\\express\\lib\\router\\index.js:317:13)\n    at C:\\Users\\Xenomorph\\Desktop\\web development\\rest-api-mongodb\\node_modules\\express\\lib\\router\\index.js:284:7\n    at Function.process_params (C:\\Users\\Xenomorph\\Desktop\\web development\\rest-api-mongodb\\node_modules\\express\\lib\\router\\index.js:335:12)\n    at next (C:\\Users\\Xenomorph\\Desktop\\web development\\rest-api-mongodb\\node_modules\\express\\lib\\router\\index.js:275:10)\n    at query (C:\\Users\\Xenomorph\\Desktop\\web development\\rest-api-mongodb\\node_modules\\express\\lib\\middleware\\query.js:45:5)\n    at newFn (C:\\Users\\Xenomorph\\Desktop\\web development\\rest-api-mongodb\\node_modules\\express-async-errors\\index.js:16:20)\n    at Layer.handle [as handle_request] (C:\\Users\\Xenomorph\\Desktop\\web development\\rest-api-mongodb\\node_modules\\express\\lib\\router\\layer.js:95:5)\n    at trim_prefix (C:\\Users\\Xenomorph\\Desktop\\web development\\rest-api-mongodb\\node_modules\\express\\lib\\router\\index.js:317:13)\n    at C:\\Users\\Xenomorph\\Desktop\\web development\\rest-api-mongodb\\node_modules\\express\\lib\\router\\index.js:284:7\n    at Function.process_params (C:\\Users\\Xenomorph\\Desktop\\web development\\rest-api-mongodb\\node_modules\\express\\lib\\router\\index.js:335:12)\n    at next (C:\\Users\\Xenomorph\\Desktop\\web development\\rest-api-mongodb\\node_modules\\express\\lib\\router\\index.js:275:10)\n    at Function.handle (C:\\Users\\Xenomorph\\Desktop\\web development\\rest-api-mongodb\\node_modules\\express\\lib\\router\\index.js:174:3)\n    at Function.handle (C:\\Users\\Xenomorph\\Desktop\\web development\\rest-api-mongodb\\node_modules\\express\\lib\\application.js:174:10)\n    at Server.app (C:\\Users\\Xenomorph\\Desktop\\web development\\rest-api-mongodb\\node_modules\\express\\lib\\express.js:39:9)\n    at Server.emit (events.js:198:13)\n    at parserOnIncoming (_http_server.js:677:12)\n    at HTTPParser.parserOnHeadersComplete (_http_common.js:109:17)","timestamp":"2020-02-25 17:22:59"}
{"message":"Connected to mongodb://localhost:27017/rest-api-mongodb_tests","level":"info","timestamp":"2020-02-25 17:22:59"}
{"message":"Server started in test.","level":"info","timestamp":"2020-02-25 17:23:21"}
{"message":"Listening on port 3000...","level":"info","timestamp":"2020-02-25 17:23:21"}
{"message":"Connected to mongodb://localhost:27017/rest-api-mongodb_tests","level":"info","timestamp":"2020-02-25 17:23:21"}
{"message":"Server started in test.","level":"info","timestamp":"2020-02-25 17:28:44"}
{"message":"Listening on port 3000...","level":"info","timestamp":"2020-02-25 17:28:44"}
{"message":"Connected to mongodb://localhost:27017/rest-api-mongodb_tests","level":"info","timestamp":"2020-02-25 17:28:44"}
{"message":"Server started in test.","level":"info","timestamp":"2020-02-25 17:30:22"}
{"message":"Listening on port 3000...","level":"info","timestamp":"2020-02-25 17:30:22"}
{"message":"Connected to mongodb://localhost:27017/rest-api-mongodb_tests","level":"info","timestamp":"2020-02-25 17:30:22"}
{"message":"Server started in test.","level":"info","timestamp":"2020-02-25 17:30:55"}
{"message":"Listening on port 3000...","level":"info","timestamp":"2020-02-25 17:30:55"}
{"message":"Connected to mongodb://localhost:27017/rest-api-mongodb_tests","level":"info","timestamp":"2020-02-25 17:30:55"}
{"message":"Server started in test.","level":"info","timestamp":"2020-02-25 17:31:19"}
{"message":"Listening on port 3000...","level":"info","timestamp":"2020-02-25 17:31:19"}
{"message":"Connected to mongodb://localhost:27017/rest-api-mongodb_tests","level":"info","timestamp":"2020-02-25 17:31:19"}
{"message":"Server started in test.","level":"info","timestamp":"2020-02-25 17:31:41"}
{"message":"Listening on port 3000...","level":"info","timestamp":"2020-02-25 17:31:41"}
{"message":"Connected to mongodb://localhost:27017/rest-api-mongodb_tests","level":"info","timestamp":"2020-02-25 17:31:41"}
{"message":"Server started in test.","level":"info","timestamp":"2020-02-25 22:00:54"}
{"message":"Listening on port 3000...","level":"info","timestamp":"2020-02-25 22:00:54"}
{"message":"Connected to mongodb://localhost:27017/rest-api-mongodb_tests","level":"info","timestamp":"2020-02-25 22:00:54"}
{"message":"Server started in test.","level":"info","timestamp":"2020-02-25 22:02:08"}
{"message":"Listening on port 3000...","level":"info","timestamp":"2020-02-25 22:02:08"}
{"message":"Connected to mongodb://localhost:27017/rest-api-mongodb_tests","level":"info","timestamp":"2020-02-25 22:02:08"}
{"message":"Server started in test.","level":"info","timestamp":"2020-02-25 22:02:14"}
{"message":"Listening on port 3000...","level":"info","timestamp":"2020-02-25 22:02:14"}
{"message":"Connected to mongodb://localhost:27017/rest-api-mongodb_tests","level":"info","timestamp":"2020-02-25 22:02:14"}
{"message":"Server started in test.","level":"info","timestamp":"2020-02-25 22:09:21"}
{"message":"Listening on port 3000...","level":"info","timestamp":"2020-02-25 22:09:21"}
{"message":"Connected to mongodb://localhost:27017/rest-api-mongodb_tests","level":"info","timestamp":"2020-02-25 22:09:21"}
{"message":"Server started in test.","level":"info","timestamp":"2020-02-25 22:09:50"}
{"message":"Listening on port 3000...","level":"info","timestamp":"2020-02-25 22:09:50"}
{"message":"Connected to mongodb://localhost:27017/rest-api-mongodb_tests","level":"info","timestamp":"2020-02-25 22:09:50"}
{"message":"Server started in test.","level":"info","timestamp":"2020-02-25 22:11:02"}
{"message":"Listening on port 3000...","level":"info","timestamp":"2020-02-25 22:11:02"}
{"message":"Connected to mongodb://localhost:27017/rest-api-mongodb_tests","level":"info","timestamp":"2020-02-25 22:11:03"}
{"message":"Server started in test.","level":"info","timestamp":"2020-02-25 22:12:34"}
{"message":"Listening on port 3000...","level":"info","timestamp":"2020-02-25 22:12:34"}
{"message":"Connected to mongodb://localhost:27017/rest-api-mongodb_tests","level":"info","timestamp":"2020-02-25 22:12:34"}
{"message":"Server started in test.","level":"info","timestamp":"2020-02-25 22:13:11"}
{"message":"Listening on port 3000...","level":"info","timestamp":"2020-02-25 22:13:11"}
{"message":"Connected to mongodb://localhost:27017/rest-api-mongodb_tests","level":"info","timestamp":"2020-02-25 22:13:12"}
{"message":"Server started in test.","level":"info","timestamp":"2020-02-25 22:13:27"}
{"message":"Listening on port 3000...","level":"info","timestamp":"2020-02-25 22:13:27"}
{"message":"Connected to mongodb://localhost:27017/rest-api-mongodb_tests","level":"info","timestamp":"2020-02-25 22:13:27"}
{"message":"Server started in test.","level":"info","timestamp":"2020-02-25 22:13:41"}
{"message":"Listening on port 3000...","level":"info","timestamp":"2020-02-25 22:13:41"}
{"message":"Connected to mongodb://localhost:27017/rest-api-mongodb_tests","level":"info","timestamp":"2020-02-25 22:13:41"}
{"message":"Server started in test.","level":"info","timestamp":"2020-02-25 22:14:05"}
{"message":"Listening on port 3000...","level":"info","timestamp":"2020-02-25 22:14:05"}
{"message":"Connected to mongodb://localhost:27017/rest-api-mongodb_tests","level":"info","timestamp":"2020-02-25 22:14:05"}
{"message":"Server started in test.","level":"info","timestamp":"2020-02-25 22:14:24"}
{"message":"Listening on port 3000...","level":"info","timestamp":"2020-02-25 22:14:24"}
{"message":"Connected to mongodb://localhost:27017/rest-api-mongodb_tests","level":"info","timestamp":"2020-02-25 22:14:24"}
{"message":"Server started in test.","level":"info","timestamp":"2020-02-25 22:14:51"}
{"message":"Listening on port 3000...","level":"info","timestamp":"2020-02-25 22:14:51"}
{"message":"Connected to mongodb://localhost:27017/rest-api-mongodb_tests","level":"info","timestamp":"2020-02-25 22:14:52"}
{"message":"Server started in test.","level":"info","timestamp":"2020-02-25 22:15:23"}
{"message":"Listening on port 3000...","level":"info","timestamp":"2020-02-25 22:15:23"}
{"message":"Connected to mongodb://localhost:27017/rest-api-mongodb_tests","level":"info","timestamp":"2020-02-25 22:15:23"}
{"message":"Server started in test.","level":"info","timestamp":"2020-02-25 22:15:33"}
{"message":"Listening on port 3000...","level":"info","timestamp":"2020-02-25 22:15:33"}
{"message":"Connected to mongodb://localhost:27017/rest-api-mongodb_tests","level":"info","timestamp":"2020-02-25 22:15:33"}
{"message":"Server started in test.","level":"info","timestamp":"2020-02-25 22:18:00"}
{"message":"Listening on port 3000...","level":"info","timestamp":"2020-02-25 22:18:00"}
{"message":"Connected to mongodb://localhost:27017/rest-api-mongodb_tests","level":"info","timestamp":"2020-02-25 22:18:00"}
{"message":"Server started in test.","level":"info","timestamp":"2020-02-25 22:18:30"}
{"message":"Listening on port 3000...","level":"info","timestamp":"2020-02-25 22:18:30"}
{"message":"Connected to mongodb://localhost:27017/rest-api-mongodb_tests","level":"info","timestamp":"2020-02-25 22:18:30"}
{"message":"Server started in test.","level":"info","timestamp":"2020-02-25 22:21:55"}
{"message":"Listening on port 3000...","level":"info","timestamp":"2020-02-25 22:21:56"}
{"message":"Connected to mongodb://localhost:27017/rest-api-mongodb_tests","level":"info","timestamp":"2020-02-25 22:21:56"}
{"message":"Server started in test.","level":"info","timestamp":"2020-02-25 22:22:42"}
{"message":"Listening on port 3000...","level":"info","timestamp":"2020-02-25 22:22:42"}
{"message":"Connected to mongodb://localhost:27017/rest-api-mongodb_tests","level":"info","timestamp":"2020-02-25 22:22:42"}
{"message":"Server started in test.","level":"info","timestamp":"2020-02-25 22:22:59"}
{"message":"Listening on port 3000...","level":"info","timestamp":"2020-02-25 22:22:59"}
{"message":"Connected to mongodb://localhost:27017/rest-api-mongodb_tests","level":"info","timestamp":"2020-02-25 22:22:59"}
{"message":"Server started in test.","level":"info","timestamp":"2020-02-25 22:24:12"}
{"message":"Listening on port 3000...","level":"info","timestamp":"2020-02-25 22:24:12"}
{"message":"Connected to mongodb://localhost:27017/rest-api-mongodb_tests","level":"info","timestamp":"2020-02-25 22:24:12"}
{"message":"Server started in test.","level":"info","timestamp":"2020-02-25 22:25:39"}
{"message":"Listening on port 3000...","level":"info","timestamp":"2020-02-25 22:25:39"}
{"message":"Connected to mongodb://localhost:27017/rest-api-mongodb_tests","level":"info","timestamp":"2020-02-25 22:25:39"}
{"message":"Server started in test.","level":"info","timestamp":"2020-02-25 22:27:20"}
{"message":"Listening on port 3000...","level":"info","timestamp":"2020-02-25 22:27:20"}
{"message":"Connected to mongodb://localhost:27017/rest-api-mongodb_tests","level":"info","timestamp":"2020-02-25 22:27:20"}
{"message":"Server started in test.","level":"info","timestamp":"2020-02-25 22:28:13"}
{"message":"Listening on port 3000...","level":"info","timestamp":"2020-02-25 22:28:13"}
{"message":"Connected to mongodb://localhost:27017/rest-api-mongodb_tests","level":"info","timestamp":"2020-02-25 22:28:13"}
{"message":"Server started in test.","level":"info","timestamp":"2020-02-25 22:28:56"}
{"message":"Listening on port 3000...","level":"info","timestamp":"2020-02-25 22:28:56"}
{"message":"Connected to mongodb://localhost:27017/rest-api-mongodb_tests","level":"info","timestamp":"2020-02-25 22:28:56"}
{"level":"error","message":"Cannot read property 'id' of undefinedCannot read property 'id' of undefined","stack":"TypeError: Cannot read property 'id' of undefined\n    at Object.<anonymous>.module.exports (C:\\Users\\Xenomorph\\Desktop\\web development\\rest-api-mongodb\\middleware\\validateObjectId.js:4:62)\n    at newFn (C:\\Users\\Xenomorph\\Desktop\\web development\\rest-api-mongodb\\node_modules\\express-async-errors\\index.js:16:20)\n    at Layer.handle [as handle_request] (C:\\Users\\Xenomorph\\Desktop\\web development\\rest-api-mongodb\\node_modules\\express\\lib\\router\\layer.js:95:5)\n    at next (C:\\Users\\Xenomorph\\Desktop\\web development\\rest-api-mongodb\\node_modules\\express\\lib\\router\\route.js:137:13)\n    at Route.dispatch (C:\\Users\\Xenomorph\\Desktop\\web development\\rest-api-mongodb\\node_modules\\express\\lib\\router\\route.js:112:3)\n    at newFn (C:\\Users\\Xenomorph\\Desktop\\web development\\rest-api-mongodb\\node_modules\\express-async-errors\\index.js:16:20)\n    at Layer.handle [as handle_request] (C:\\Users\\Xenomorph\\Desktop\\web development\\rest-api-mongodb\\node_modules\\express\\lib\\router\\layer.js:95:5)\n    at C:\\Users\\Xenomorph\\Desktop\\web development\\rest-api-mongodb\\node_modules\\express\\lib\\router\\index.js:281:22\n    at param (C:\\Users\\Xenomorph\\Desktop\\web development\\rest-api-mongodb\\node_modules\\express\\lib\\router\\index.js:354:14)\n    at param (C:\\Users\\Xenomorph\\Desktop\\web development\\rest-api-mongodb\\node_modules\\express\\lib\\router\\index.js:365:14)\n    at Function.process_params (C:\\Users\\Xenomorph\\Desktop\\web development\\rest-api-mongodb\\node_modules\\express\\lib\\router\\index.js:410:3)\n    at next (C:\\Users\\Xenomorph\\Desktop\\web development\\rest-api-mongodb\\node_modules\\express\\lib\\router\\index.js:275:10)\n    at Function.handle (C:\\Users\\Xenomorph\\Desktop\\web development\\rest-api-mongodb\\node_modules\\express\\lib\\router\\index.js:174:3)\n    at router (C:\\Users\\Xenomorph\\Desktop\\web development\\rest-api-mongodb\\node_modules\\express\\lib\\router\\index.js:47:12)\n    at newFn (C:\\Users\\Xenomorph\\Desktop\\web development\\rest-api-mongodb\\node_modules\\express-async-errors\\index.js:16:20)\n    at Layer.handle [as handle_request] (C:\\Users\\Xenomorph\\Desktop\\web development\\rest-api-mongodb\\node_modules\\express\\lib\\router\\layer.js:95:5)\n    at trim_prefix (C:\\Users\\Xenomorph\\Desktop\\web development\\rest-api-mongodb\\node_modules\\express\\lib\\router\\index.js:317:13)\n    at C:\\Users\\Xenomorph\\Desktop\\web development\\rest-api-mongodb\\node_modules\\express\\lib\\router\\index.js:284:7\n    at Function.process_params (C:\\Users\\Xenomorph\\Desktop\\web development\\rest-api-mongodb\\node_modules\\express\\lib\\router\\index.js:335:12)\n    at next (C:\\Users\\Xenomorph\\Desktop\\web development\\rest-api-mongodb\\node_modules\\express\\lib\\router\\index.js:275:10)\n    at jsonParser (C:\\Users\\Xenomorph\\Desktop\\web development\\rest-api-mongodb\\node_modules\\body-parser\\lib\\types\\json.js:110:7)\n    at newFn (C:\\Users\\Xenomorph\\Desktop\\web development\\rest-api-mongodb\\node_modules\\express-async-errors\\index.js:16:20)\n    at Layer.handle [as handle_request] (C:\\Users\\Xenomorph\\Desktop\\web development\\rest-api-mongodb\\node_modules\\express\\lib\\router\\layer.js:95:5)\n    at trim_prefix (C:\\Users\\Xenomorph\\Desktop\\web development\\rest-api-mongodb\\node_modules\\express\\lib\\router\\index.js:317:13)\n    at C:\\Users\\Xenomorph\\Desktop\\web development\\rest-api-mongodb\\node_modules\\express\\lib\\router\\index.js:284:7\n    at Function.process_params (C:\\Users\\Xenomorph\\Desktop\\web development\\rest-api-mongodb\\node_modules\\express\\lib\\router\\index.js:335:12)\n    at next (C:\\Users\\Xenomorph\\Desktop\\web development\\rest-api-mongodb\\node_modules\\express\\lib\\router\\index.js:275:10)\n    at expressInit (C:\\Users\\Xenomorph\\Desktop\\web development\\rest-api-mongodb\\node_modules\\express\\lib\\middleware\\init.js:40:5)\n    at newFn (C:\\Users\\Xenomorph\\Desktop\\web development\\rest-api-mongodb\\node_modules\\express-async-errors\\index.js:16:20)\n    at Layer.handle [as handle_request] (C:\\Users\\Xenomorph\\Desktop\\web development\\rest-api-mongodb\\node_modules\\express\\lib\\router\\layer.js:95:5)\n    at trim_prefix (C:\\Users\\Xenomorph\\Desktop\\web development\\rest-api-mongodb\\node_modules\\express\\lib\\router\\index.js:317:13)\n    at C:\\Users\\Xenomorph\\Desktop\\web development\\rest-api-mongodb\\node_modules\\express\\lib\\router\\index.js:284:7\n    at Function.process_params (C:\\Users\\Xenomorph\\Desktop\\web development\\rest-api-mongodb\\node_modules\\express\\lib\\router\\index.js:335:12)\n    at next (C:\\Users\\Xenomorph\\Desktop\\web development\\rest-api-mongodb\\node_modules\\express\\lib\\router\\index.js:275:10)\n    at query (C:\\Users\\Xenomorph\\Desktop\\web development\\rest-api-mongodb\\node_modules\\express\\lib\\middleware\\query.js:45:5)\n    at newFn (C:\\Users\\Xenomorph\\Desktop\\web development\\rest-api-mongodb\\node_modules\\express-async-errors\\index.js:16:20)\n    at Layer.handle [as handle_request] (C:\\Users\\Xenomorph\\Desktop\\web development\\rest-api-mongodb\\node_modules\\express\\lib\\router\\layer.js:95:5)\n    at trim_prefix (C:\\Users\\Xenomorph\\Desktop\\web development\\rest-api-mongodb\\node_modules\\express\\lib\\router\\index.js:317:13)\n    at C:\\Users\\Xenomorph\\Desktop\\web development\\rest-api-mongodb\\node_modules\\express\\lib\\router\\index.js:284:7\n    at Function.process_params (C:\\Users\\Xenomorph\\Desktop\\web development\\rest-api-mongodb\\node_modules\\express\\lib\\router\\index.js:335:12)\n    at next (C:\\Users\\Xenomorph\\Desktop\\web development\\rest-api-mongodb\\node_modules\\express\\lib\\router\\index.js:275:10)\n    at Function.handle (C:\\Users\\Xenomorph\\Desktop\\web development\\rest-api-mongodb\\node_modules\\express\\lib\\router\\index.js:174:3)\n    at Function.handle (C:\\Users\\Xenomorph\\Desktop\\web development\\rest-api-mongodb\\node_modules\\express\\lib\\application.js:174:10)\n    at Server.app (C:\\Users\\Xenomorph\\Desktop\\web development\\rest-api-mongodb\\node_modules\\express\\lib\\express.js:39:9)\n    at Server.emit (events.js:198:13)\n    at parserOnIncoming (_http_server.js:677:12)\n    at HTTPParser.parserOnHeadersComplete (_http_common.js:109:17)","timestamp":"2020-02-25 22:28:56"}
{"level":"error","message":"Cannot read property 'id' of undefinedCannot read property 'id' of undefined","stack":"TypeError: Cannot read property 'id' of undefined\n    at Object.<anonymous>.module.exports (C:\\Users\\Xenomorph\\Desktop\\web development\\rest-api-mongodb\\middleware\\validateObjectId.js:4:62)\n    at newFn (C:\\Users\\Xenomorph\\Desktop\\web development\\rest-api-mongodb\\node_modules\\express-async-errors\\index.js:16:20)\n    at Layer.handle [as handle_request] (C:\\Users\\Xenomorph\\Desktop\\web development\\rest-api-mongodb\\node_modules\\express\\lib\\router\\layer.js:95:5)\n    at next (C:\\Users\\Xenomorph\\Desktop\\web development\\rest-api-mongodb\\node_modules\\express\\lib\\router\\route.js:137:13)\n    at Route.dispatch (C:\\Users\\Xenomorph\\Desktop\\web development\\rest-api-mongodb\\node_modules\\express\\lib\\router\\route.js:112:3)\n    at newFn (C:\\Users\\Xenomorph\\Desktop\\web development\\rest-api-mongodb\\node_modules\\express-async-errors\\index.js:16:20)\n    at Layer.handle [as handle_request] (C:\\Users\\Xenomorph\\Desktop\\web development\\rest-api-mongodb\\node_modules\\express\\lib\\router\\layer.js:95:5)\n    at C:\\Users\\Xenomorph\\Desktop\\web development\\rest-api-mongodb\\node_modules\\express\\lib\\router\\index.js:281:22\n    at param (C:\\Users\\Xenomorph\\Desktop\\web development\\rest-api-mongodb\\node_modules\\express\\lib\\router\\index.js:354:14)\n    at param (C:\\Users\\Xenomorph\\Desktop\\web development\\rest-api-mongodb\\node_modules\\express\\lib\\router\\index.js:365:14)\n    at Function.process_params (C:\\Users\\Xenomorph\\Desktop\\web development\\rest-api-mongodb\\node_modules\\express\\lib\\router\\index.js:410:3)\n    at next (C:\\Users\\Xenomorph\\Desktop\\web development\\rest-api-mongodb\\node_modules\\express\\lib\\router\\index.js:275:10)\n    at Function.handle (C:\\Users\\Xenomorph\\Desktop\\web development\\rest-api-mongodb\\node_modules\\express\\lib\\router\\index.js:174:3)\n    at router (C:\\Users\\Xenomorph\\Desktop\\web development\\rest-api-mongodb\\node_modules\\express\\lib\\router\\index.js:47:12)\n    at newFn (C:\\Users\\Xenomorph\\Desktop\\web development\\rest-api-mongodb\\node_modules\\express-async-errors\\index.js:16:20)\n    at Layer.handle [as handle_request] (C:\\Users\\Xenomorph\\Desktop\\web development\\rest-api-mongodb\\node_modules\\express\\lib\\router\\layer.js:95:5)\n    at trim_prefix (C:\\Users\\Xenomorph\\Desktop\\web development\\rest-api-mongodb\\node_modules\\express\\lib\\router\\index.js:317:13)\n    at C:\\Users\\Xenomorph\\Desktop\\web development\\rest-api-mongodb\\node_modules\\express\\lib\\router\\index.js:284:7\n    at Function.process_params (C:\\Users\\Xenomorph\\Desktop\\web development\\rest-api-mongodb\\node_modules\\express\\lib\\router\\index.js:335:12)\n    at next (C:\\Users\\Xenomorph\\Desktop\\web development\\rest-api-mongodb\\node_modules\\express\\lib\\router\\index.js:275:10)\n    at jsonParser (C:\\Users\\Xenomorph\\Desktop\\web development\\rest-api-mongodb\\node_modules\\body-parser\\lib\\types\\json.js:110:7)\n    at newFn (C:\\Users\\Xenomorph\\Desktop\\web development\\rest-api-mongodb\\node_modules\\express-async-errors\\index.js:16:20)\n    at Layer.handle [as handle_request] (C:\\Users\\Xenomorph\\Desktop\\web development\\rest-api-mongodb\\node_modules\\express\\lib\\router\\layer.js:95:5)\n    at trim_prefix (C:\\Users\\Xenomorph\\Desktop\\web development\\rest-api-mongodb\\node_modules\\express\\lib\\router\\index.js:317:13)\n    at C:\\Users\\Xenomorph\\Desktop\\web development\\rest-api-mongodb\\node_modules\\express\\lib\\router\\index.js:284:7\n    at Function.process_params (C:\\Users\\Xenomorph\\Desktop\\web development\\rest-api-mongodb\\node_modules\\express\\lib\\router\\index.js:335:12)\n    at next (C:\\Users\\Xenomorph\\Desktop\\web development\\rest-api-mongodb\\node_modules\\express\\lib\\router\\index.js:275:10)\n    at expressInit (C:\\Users\\Xenomorph\\Desktop\\web development\\rest-api-mongodb\\node_modules\\express\\lib\\middleware\\init.js:40:5)\n    at newFn (C:\\Users\\Xenomorph\\Desktop\\web development\\rest-api-mongodb\\node_modules\\express-async-errors\\index.js:16:20)\n    at Layer.handle [as handle_request] (C:\\Users\\Xenomorph\\Desktop\\web development\\rest-api-mongodb\\node_modules\\express\\lib\\router\\layer.js:95:5)\n    at trim_prefix (C:\\Users\\Xenomorph\\Desktop\\web development\\rest-api-mongodb\\node_modules\\express\\lib\\router\\index.js:317:13)\n    at C:\\Users\\Xenomorph\\Desktop\\web development\\rest-api-mongodb\\node_modules\\express\\lib\\router\\index.js:284:7\n    at Function.process_params (C:\\Users\\Xenomorph\\Desktop\\web development\\rest-api-mongodb\\node_modules\\express\\lib\\router\\index.js:335:12)\n    at next (C:\\Users\\Xenomorph\\Desktop\\web development\\rest-api-mongodb\\node_modules\\express\\lib\\router\\index.js:275:10)\n    at query (C:\\Users\\Xenomorph\\Desktop\\web development\\rest-api-mongodb\\node_modules\\express\\lib\\middleware\\query.js:45:5)\n    at newFn (C:\\Users\\Xenomorph\\Desktop\\web development\\rest-api-mongodb\\node_modules\\express-async-errors\\index.js:16:20)\n    at Layer.handle [as handle_request] (C:\\Users\\Xenomorph\\Desktop\\web development\\rest-api-mongodb\\node_modules\\express\\lib\\router\\layer.js:95:5)\n    at trim_prefix (C:\\Users\\Xenomorph\\Desktop\\web development\\rest-api-mongodb\\node_modules\\express\\lib\\router\\index.js:317:13)\n    at C:\\Users\\Xenomorph\\Desktop\\web development\\rest-api-mongodb\\node_modules\\express\\lib\\router\\index.js:284:7\n    at Function.process_params (C:\\Users\\Xenomorph\\Desktop\\web development\\rest-api-mongodb\\node_modules\\express\\lib\\router\\index.js:335:12)\n    at next (C:\\Users\\Xenomorph\\Desktop\\web development\\rest-api-mongodb\\node_modules\\express\\lib\\router\\index.js:275:10)\n    at Function.handle (C:\\Users\\Xenomorph\\Desktop\\web development\\rest-api-mongodb\\node_modules\\express\\lib\\router\\index.js:174:3)\n    at Function.handle (C:\\Users\\Xenomorph\\Desktop\\web development\\rest-api-mongodb\\node_modules\\express\\lib\\application.js:174:10)\n    at Server.app (C:\\Users\\Xenomorph\\Desktop\\web development\\rest-api-mongodb\\node_modules\\express\\lib\\express.js:39:9)\n    at Server.emit (events.js:198:13)\n    at parserOnIncoming (_http_server.js:677:12)\n    at HTTPParser.parserOnHeadersComplete (_http_common.js:109:17)","timestamp":"2020-02-25 22:28:56"}
{"message":"Server started in test.","level":"info","timestamp":"2020-02-25 22:29:04"}
{"message":"Listening on port 3000...","level":"info","timestamp":"2020-02-25 22:29:04"}
{"message":"Connected to mongodb://localhost:27017/rest-api-mongodb_tests","level":"info","timestamp":"2020-02-25 22:29:04"}
{"level":"error","message":"Cannot read property 'id' of undefinedCannot read property 'id' of undefined","stack":"TypeError: Cannot read property 'id' of undefined\n    at Object.<anonymous>.module.exports (C:\\Users\\Xenomorph\\Desktop\\web development\\rest-api-mongodb\\middleware\\validateObjectId.js:4:62)\n    at newFn (C:\\Users\\Xenomorph\\Desktop\\web development\\rest-api-mongodb\\node_modules\\express-async-errors\\index.js:16:20)\n    at Layer.handle [as handle_request] (C:\\Users\\Xenomorph\\Desktop\\web development\\rest-api-mongodb\\node_modules\\express\\lib\\router\\layer.js:95:5)\n    at next (C:\\Users\\Xenomorph\\Desktop\\web development\\rest-api-mongodb\\node_modules\\express\\lib\\router\\route.js:137:13)\n    at Route.dispatch (C:\\Users\\Xenomorph\\Desktop\\web development\\rest-api-mongodb\\node_modules\\express\\lib\\router\\route.js:112:3)\n    at newFn (C:\\Users\\Xenomorph\\Desktop\\web development\\rest-api-mongodb\\node_modules\\express-async-errors\\index.js:16:20)\n    at Layer.handle [as handle_request] (C:\\Users\\Xenomorph\\Desktop\\web development\\rest-api-mongodb\\node_modules\\express\\lib\\router\\layer.js:95:5)\n    at C:\\Users\\Xenomorph\\Desktop\\web development\\rest-api-mongodb\\node_modules\\express\\lib\\router\\index.js:281:22\n    at param (C:\\Users\\Xenomorph\\Desktop\\web development\\rest-api-mongodb\\node_modules\\express\\lib\\router\\index.js:354:14)\n    at param (C:\\Users\\Xenomorph\\Desktop\\web development\\rest-api-mongodb\\node_modules\\express\\lib\\router\\index.js:365:14)\n    at Function.process_params (C:\\Users\\Xenomorph\\Desktop\\web development\\rest-api-mongodb\\node_modules\\express\\lib\\router\\index.js:410:3)\n    at next (C:\\Users\\Xenomorph\\Desktop\\web development\\rest-api-mongodb\\node_modules\\express\\lib\\router\\index.js:275:10)\n    at Function.handle (C:\\Users\\Xenomorph\\Desktop\\web development\\rest-api-mongodb\\node_modules\\express\\lib\\router\\index.js:174:3)\n    at router (C:\\Users\\Xenomorph\\Desktop\\web development\\rest-api-mongodb\\node_modules\\express\\lib\\router\\index.js:47:12)\n    at newFn (C:\\Users\\Xenomorph\\Desktop\\web development\\rest-api-mongodb\\node_modules\\express-async-errors\\index.js:16:20)\n    at Layer.handle [as handle_request] (C:\\Users\\Xenomorph\\Desktop\\web development\\rest-api-mongodb\\node_modules\\express\\lib\\router\\layer.js:95:5)\n    at trim_prefix (C:\\Users\\Xenomorph\\Desktop\\web development\\rest-api-mongodb\\node_modules\\express\\lib\\router\\index.js:317:13)\n    at C:\\Users\\Xenomorph\\Desktop\\web development\\rest-api-mongodb\\node_modules\\express\\lib\\router\\index.js:284:7\n    at Function.process_params (C:\\Users\\Xenomorph\\Desktop\\web development\\rest-api-mongodb\\node_modules\\express\\lib\\router\\index.js:335:12)\n    at next (C:\\Users\\Xenomorph\\Desktop\\web development\\rest-api-mongodb\\node_modules\\express\\lib\\router\\index.js:275:10)\n    at jsonParser (C:\\Users\\Xenomorph\\Desktop\\web development\\rest-api-mongodb\\node_modules\\body-parser\\lib\\types\\json.js:110:7)\n    at newFn (C:\\Users\\Xenomorph\\Desktop\\web development\\rest-api-mongodb\\node_modules\\express-async-errors\\index.js:16:20)\n    at Layer.handle [as handle_request] (C:\\Users\\Xenomorph\\Desktop\\web development\\rest-api-mongodb\\node_modules\\express\\lib\\router\\layer.js:95:5)\n    at trim_prefix (C:\\Users\\Xenomorph\\Desktop\\web development\\rest-api-mongodb\\node_modules\\express\\lib\\router\\index.js:317:13)\n    at C:\\Users\\Xenomorph\\Desktop\\web development\\rest-api-mongodb\\node_modules\\express\\lib\\router\\index.js:284:7\n    at Function.process_params (C:\\Users\\Xenomorph\\Desktop\\web development\\rest-api-mongodb\\node_modules\\express\\lib\\router\\index.js:335:12)\n    at next (C:\\Users\\Xenomorph\\Desktop\\web development\\rest-api-mongodb\\node_modules\\express\\lib\\router\\index.js:275:10)\n    at expressInit (C:\\Users\\Xenomorph\\Desktop\\web development\\rest-api-mongodb\\node_modules\\express\\lib\\middleware\\init.js:40:5)\n    at newFn (C:\\Users\\Xenomorph\\Desktop\\web development\\rest-api-mongodb\\node_modules\\express-async-errors\\index.js:16:20)\n    at Layer.handle [as handle_request] (C:\\Users\\Xenomorph\\Desktop\\web development\\rest-api-mongodb\\node_modules\\express\\lib\\router\\layer.js:95:5)\n    at trim_prefix (C:\\Users\\Xenomorph\\Desktop\\web development\\rest-api-mongodb\\node_modules\\express\\lib\\router\\index.js:317:13)\n    at C:\\Users\\Xenomorph\\Desktop\\web development\\rest-api-mongodb\\node_modules\\express\\lib\\router\\index.js:284:7\n    at Function.process_params (C:\\Users\\Xenomorph\\Desktop\\web development\\rest-api-mongodb\\node_modules\\express\\lib\\router\\index.js:335:12)\n    at next (C:\\Users\\Xenomorph\\Desktop\\web development\\rest-api-mongodb\\node_modules\\express\\lib\\router\\index.js:275:10)\n    at query (C:\\Users\\Xenomorph\\Desktop\\web development\\rest-api-mongodb\\node_modules\\express\\lib\\middleware\\query.js:45:5)\n    at newFn (C:\\Users\\Xenomorph\\Desktop\\web development\\rest-api-mongodb\\node_modules\\express-async-errors\\index.js:16:20)\n    at Layer.handle [as handle_request] (C:\\Users\\Xenomorph\\Desktop\\web development\\rest-api-mongodb\\node_modules\\express\\lib\\router\\layer.js:95:5)\n    at trim_prefix (C:\\Users\\Xenomorph\\Desktop\\web development\\rest-api-mongodb\\node_modules\\express\\lib\\router\\index.js:317:13)\n    at C:\\Users\\Xenomorph\\Desktop\\web development\\rest-api-mongodb\\node_modules\\express\\lib\\router\\index.js:284:7\n    at Function.process_params (C:\\Users\\Xenomorph\\Desktop\\web development\\rest-api-mongodb\\node_modules\\express\\lib\\router\\index.js:335:12)\n    at next (C:\\Users\\Xenomorph\\Desktop\\web development\\rest-api-mongodb\\node_modules\\express\\lib\\router\\index.js:275:10)\n    at Function.handle (C:\\Users\\Xenomorph\\Desktop\\web development\\rest-api-mongodb\\node_modules\\express\\lib\\router\\index.js:174:3)\n    at Function.handle (C:\\Users\\Xenomorph\\Desktop\\web development\\rest-api-mongodb\\node_modules\\express\\lib\\application.js:174:10)\n    at Server.app (C:\\Users\\Xenomorph\\Desktop\\web development\\rest-api-mongodb\\node_modules\\express\\lib\\express.js:39:9)\n    at Server.emit (events.js:198:13)\n    at parserOnIncoming (_http_server.js:677:12)\n    at HTTPParser.parserOnHeadersComplete (_http_common.js:109:17)","timestamp":"2020-02-25 22:29:04"}
{"level":"error","message":"Cannot read property 'id' of undefinedCannot read property 'id' of undefined","stack":"TypeError: Cannot read property 'id' of undefined\n    at Object.<anonymous>.module.exports (C:\\Users\\Xenomorph\\Desktop\\web development\\rest-api-mongodb\\middleware\\validateObjectId.js:4:62)\n    at newFn (C:\\Users\\Xenomorph\\Desktop\\web development\\rest-api-mongodb\\node_modules\\express-async-errors\\index.js:16:20)\n    at Layer.handle [as handle_request] (C:\\Users\\Xenomorph\\Desktop\\web development\\rest-api-mongodb\\node_modules\\express\\lib\\router\\layer.js:95:5)\n    at next (C:\\Users\\Xenomorph\\Desktop\\web development\\rest-api-mongodb\\node_modules\\express\\lib\\router\\route.js:137:13)\n    at Route.dispatch (C:\\Users\\Xenomorph\\Desktop\\web development\\rest-api-mongodb\\node_modules\\express\\lib\\router\\route.js:112:3)\n    at newFn (C:\\Users\\Xenomorph\\Desktop\\web development\\rest-api-mongodb\\node_modules\\express-async-errors\\index.js:16:20)\n    at Layer.handle [as handle_request] (C:\\Users\\Xenomorph\\Desktop\\web development\\rest-api-mongodb\\node_modules\\express\\lib\\router\\layer.js:95:5)\n    at C:\\Users\\Xenomorph\\Desktop\\web development\\rest-api-mongodb\\node_modules\\express\\lib\\router\\index.js:281:22\n    at param (C:\\Users\\Xenomorph\\Desktop\\web development\\rest-api-mongodb\\node_modules\\express\\lib\\router\\index.js:354:14)\n    at param (C:\\Users\\Xenomorph\\Desktop\\web development\\rest-api-mongodb\\node_modules\\express\\lib\\router\\index.js:365:14)\n    at Function.process_params (C:\\Users\\Xenomorph\\Desktop\\web development\\rest-api-mongodb\\node_modules\\express\\lib\\router\\index.js:410:3)\n    at next (C:\\Users\\Xenomorph\\Desktop\\web development\\rest-api-mongodb\\node_modules\\express\\lib\\router\\index.js:275:10)\n    at Function.handle (C:\\Users\\Xenomorph\\Desktop\\web development\\rest-api-mongodb\\node_modules\\express\\lib\\router\\index.js:174:3)\n    at router (C:\\Users\\Xenomorph\\Desktop\\web development\\rest-api-mongodb\\node_modules\\express\\lib\\router\\index.js:47:12)\n    at newFn (C:\\Users\\Xenomorph\\Desktop\\web development\\rest-api-mongodb\\node_modules\\express-async-errors\\index.js:16:20)\n    at Layer.handle [as handle_request] (C:\\Users\\Xenomorph\\Desktop\\web development\\rest-api-mongodb\\node_modules\\express\\lib\\router\\layer.js:95:5)\n    at trim_prefix (C:\\Users\\Xenomorph\\Desktop\\web development\\rest-api-mongodb\\node_modules\\express\\lib\\router\\index.js:317:13)\n    at C:\\Users\\Xenomorph\\Desktop\\web development\\rest-api-mongodb\\node_modules\\express\\lib\\router\\index.js:284:7\n    at Function.process_params (C:\\Users\\Xenomorph\\Desktop\\web development\\rest-api-mongodb\\node_modules\\express\\lib\\router\\index.js:335:12)\n    at next (C:\\Users\\Xenomorph\\Desktop\\web development\\rest-api-mongodb\\node_modules\\express\\lib\\router\\index.js:275:10)\n    at jsonParser (C:\\Users\\Xenomorph\\Desktop\\web development\\rest-api-mongodb\\node_modules\\body-parser\\lib\\types\\json.js:110:7)\n    at newFn (C:\\Users\\Xenomorph\\Desktop\\web development\\rest-api-mongodb\\node_modules\\express-async-errors\\index.js:16:20)\n    at Layer.handle [as handle_request] (C:\\Users\\Xenomorph\\Desktop\\web development\\rest-api-mongodb\\node_modules\\express\\lib\\router\\layer.js:95:5)\n    at trim_prefix (C:\\Users\\Xenomorph\\Desktop\\web development\\rest-api-mongodb\\node_modules\\express\\lib\\router\\index.js:317:13)\n    at C:\\Users\\Xenomorph\\Desktop\\web development\\rest-api-mongodb\\node_modules\\express\\lib\\router\\index.js:284:7\n    at Function.process_params (C:\\Users\\Xenomorph\\Desktop\\web development\\rest-api-mongodb\\node_modules\\express\\lib\\router\\index.js:335:12)\n    at next (C:\\Users\\Xenomorph\\Desktop\\web development\\rest-api-mongodb\\node_modules\\express\\lib\\router\\index.js:275:10)\n    at expressInit (C:\\Users\\Xenomorph\\Desktop\\web development\\rest-api-mongodb\\node_modules\\express\\lib\\middleware\\init.js:40:5)\n    at newFn (C:\\Users\\Xenomorph\\Desktop\\web development\\rest-api-mongodb\\node_modules\\express-async-errors\\index.js:16:20)\n    at Layer.handle [as handle_request] (C:\\Users\\Xenomorph\\Desktop\\web development\\rest-api-mongodb\\node_modules\\express\\lib\\router\\layer.js:95:5)\n    at trim_prefix (C:\\Users\\Xenomorph\\Desktop\\web development\\rest-api-mongodb\\node_modules\\express\\lib\\router\\index.js:317:13)\n    at C:\\Users\\Xenomorph\\Desktop\\web development\\rest-api-mongodb\\node_modules\\express\\lib\\router\\index.js:284:7\n    at Function.process_params (C:\\Users\\Xenomorph\\Desktop\\web development\\rest-api-mongodb\\node_modules\\express\\lib\\router\\index.js:335:12)\n    at next (C:\\Users\\Xenomorph\\Desktop\\web development\\rest-api-mongodb\\node_modules\\express\\lib\\router\\index.js:275:10)\n    at query (C:\\Users\\Xenomorph\\Desktop\\web development\\rest-api-mongodb\\node_modules\\express\\lib\\middleware\\query.js:45:5)\n    at newFn (C:\\Users\\Xenomorph\\Desktop\\web development\\rest-api-mongodb\\node_modules\\express-async-errors\\index.js:16:20)\n    at Layer.handle [as handle_request] (C:\\Users\\Xenomorph\\Desktop\\web development\\rest-api-mongodb\\node_modules\\express\\lib\\router\\layer.js:95:5)\n    at trim_prefix (C:\\Users\\Xenomorph\\Desktop\\web development\\rest-api-mongodb\\node_modules\\express\\lib\\router\\index.js:317:13)\n    at C:\\Users\\Xenomorph\\Desktop\\web development\\rest-api-mongodb\\node_modules\\express\\lib\\router\\index.js:284:7\n    at Function.process_params (C:\\Users\\Xenomorph\\Desktop\\web development\\rest-api-mongodb\\node_modules\\express\\lib\\router\\index.js:335:12)\n    at next (C:\\Users\\Xenomorph\\Desktop\\web development\\rest-api-mongodb\\node_modules\\express\\lib\\router\\index.js:275:10)\n    at Function.handle (C:\\Users\\Xenomorph\\Desktop\\web development\\rest-api-mongodb\\node_modules\\express\\lib\\router\\index.js:174:3)\n    at Function.handle (C:\\Users\\Xenomorph\\Desktop\\web development\\rest-api-mongodb\\node_modules\\express\\lib\\application.js:174:10)\n    at Server.app (C:\\Users\\Xenomorph\\Desktop\\web development\\rest-api-mongodb\\node_modules\\express\\lib\\express.js:39:9)\n    at Server.emit (events.js:198:13)\n    at parserOnIncoming (_http_server.js:677:12)\n    at HTTPParser.parserOnHeadersComplete (_http_common.js:109:17)","timestamp":"2020-02-25 22:29:04"}
{"message":"Server started in test.","level":"info","timestamp":"2020-02-25 22:30:36"}
{"message":"Listening on port 3000...","level":"info","timestamp":"2020-02-25 22:30:36"}
{"message":"Connected to mongodb://localhost:27017/rest-api-mongodb_tests","level":"info","timestamp":"2020-02-25 22:30:36"}
{"message":"Server started in test.","level":"info","timestamp":"2020-02-25 22:34:54"}
{"message":"Listening on port 3000...","level":"info","timestamp":"2020-02-25 22:34:54"}
{"message":"Connected to mongodb://localhost:27017/rest-api-mongodb_tests","level":"info","timestamp":"2020-02-25 22:34:54"}
